{"/Users/itay/Development/GitHub/javascript-testing-starter/src/core.js": {"path":"/Users/itay/Development/GitHub/javascript-testing-starter/src/core.js","all":false,"statementMap":{"0":{"start":{"line":1,"column":0},"end":{"line":1,"column":30}},"1":{"start":{"line":2,"column":0},"end":{"line":2,"column":10}},"2":{"start":{"line":3,"column":0},"end":{"line":3,"column":41}},"3":{"start":{"line":4,"column":0},"end":{"line":4,"column":45}},"4":{"start":{"line":5,"column":0},"end":{"line":5,"column":4}},"5":{"start":{"line":6,"column":0},"end":{"line":6,"column":1}},"6":{"start":{"line":7,"column":0},"end":{"line":7,"column":0}},"7":{"start":{"line":8,"column":0},"end":{"line":8,"column":56}},"8":{"start":{"line":9,"column":0},"end":{"line":9,"column":48}},"9":{"start":{"line":10,"column":0},"end":{"line":10,"column":27}},"10":{"start":{"line":11,"column":0},"end":{"line":11,"column":3}},"11":{"start":{"line":12,"column":0},"end":{"line":12,"column":0}},"12":{"start":{"line":13,"column":0},"end":{"line":13,"column":41}},"13":{"start":{"line":14,"column":0},"end":{"line":14,"column":35}},"14":{"start":{"line":15,"column":0},"end":{"line":15,"column":3}},"15":{"start":{"line":16,"column":0},"end":{"line":16,"column":0}},"16":{"start":{"line":17,"column":0},"end":{"line":17,"column":19}},"17":{"start":{"line":18,"column":0},"end":{"line":18,"column":34}},"18":{"start":{"line":19,"column":0},"end":{"line":19,"column":19}},"19":{"start":{"line":20,"column":0},"end":{"line":20,"column":41}},"20":{"start":{"line":21,"column":0},"end":{"line":21,"column":19}},"21":{"start":{"line":22,"column":0},"end":{"line":22,"column":3}},"22":{"start":{"line":23,"column":0},"end":{"line":23,"column":0}},"23":{"start":{"line":24,"column":0},"end":{"line":24,"column":34}},"24":{"start":{"line":25,"column":0},"end":{"line":25,"column":1}},"25":{"start":{"line":26,"column":0},"end":{"line":26,"column":0}},"26":{"start":{"line":27,"column":0},"end":{"line":27,"column":50}},"27":{"start":{"line":28,"column":0},"end":{"line":28,"column":18}},"28":{"start":{"line":29,"column":0},"end":{"line":29,"column":0}},"29":{"start":{"line":30,"column":0},"end":{"line":30,"column":60}},"30":{"start":{"line":31,"column":0},"end":{"line":31,"column":36}},"31":{"start":{"line":32,"column":0},"end":{"line":32,"column":3}},"32":{"start":{"line":33,"column":0},"end":{"line":33,"column":0}},"33":{"start":{"line":34,"column":0},"end":{"line":34,"column":44}},"34":{"start":{"line":35,"column":0},"end":{"line":35,"column":31}},"35":{"start":{"line":36,"column":0},"end":{"line":36,"column":3}},"36":{"start":{"line":37,"column":0},"end":{"line":37,"column":0}},"37":{"start":{"line":38,"column":0},"end":{"line":38,"column":75}},"38":{"start":{"line":39,"column":0},"end":{"line":39,"column":1}},"39":{"start":{"line":40,"column":0},"end":{"line":40,"column":0}},"40":{"start":{"line":41,"column":0},"end":{"line":41,"column":27}},"41":{"start":{"line":42,"column":0},"end":{"line":42,"column":49}},"42":{"start":{"line":43,"column":0},"end":{"line":43,"column":38}},"43":{"start":{"line":44,"column":0},"end":{"line":44,"column":1}},"44":{"start":{"line":45,"column":0},"end":{"line":45,"column":0}},"45":{"start":{"line":46,"column":0},"end":{"line":46,"column":29}},"46":{"start":{"line":47,"column":0},"end":{"line":47,"column":43}},"47":{"start":{"line":48,"column":0},"end":{"line":48,"column":22}},"48":{"start":{"line":49,"column":0},"end":{"line":49,"column":23}},"49":{"start":{"line":50,"column":0},"end":{"line":50,"column":0}},"50":{"start":{"line":51,"column":0},"end":{"line":51,"column":70}},"51":{"start":{"line":52,"column":0},"end":{"line":52,"column":1}},"52":{"start":{"line":53,"column":0},"end":{"line":53,"column":0}},"53":{"start":{"line":54,"column":0},"end":{"line":54,"column":29}},"54":{"start":{"line":55,"column":0},"end":{"line":55,"column":44}},"55":{"start":{"line":56,"column":0},"end":{"line":56,"column":27}},"56":{"start":{"line":57,"column":0},"end":{"line":57,"column":11}},"57":{"start":{"line":58,"column":0},"end":{"line":58,"column":11}},"58":{"start":{"line":59,"column":0},"end":{"line":59,"column":4}},"59":{"start":{"line":60,"column":0},"end":{"line":60,"column":0}},"60":{"start":{"line":61,"column":0},"end":{"line":61,"column":38}},"61":{"start":{"line":62,"column":0},"end":{"line":62,"column":34}},"62":{"start":{"line":63,"column":0},"end":{"line":63,"column":3}},"63":{"start":{"line":64,"column":0},"end":{"line":64,"column":0}},"64":{"start":{"line":65,"column":0},"end":{"line":65,"column":45}},"65":{"start":{"line":66,"column":0},"end":{"line":66,"column":1}},"66":{"start":{"line":67,"column":0},"end":{"line":67,"column":0}},"67":{"start":{"line":68,"column":0},"end":{"line":68,"column":36}},"68":{"start":{"line":69,"column":0},"end":{"line":69,"column":29}},"69":{"start":{"line":70,"column":0},"end":{"line":70,"column":35}},"70":{"start":{"line":71,"column":0},"end":{"line":71,"column":22}},"71":{"start":{"line":72,"column":0},"end":{"line":72,"column":29}},"72":{"start":{"line":73,"column":0},"end":{"line":73,"column":20}},"73":{"start":{"line":74,"column":0},"end":{"line":74,"column":7}},"74":{"start":{"line":75,"column":0},"end":{"line":75,"column":5}},"75":{"start":{"line":76,"column":0},"end":{"line":76,"column":1}},"76":{"start":{"line":77,"column":0},"end":{"line":77,"column":0}},"77":{"start":{"line":78,"column":0},"end":{"line":78,"column":29}},"78":{"start":{"line":79,"column":0},"end":{"line":79,"column":20}},"79":{"start":{"line":80,"column":0},"end":{"line":80,"column":17}},"80":{"start":{"line":81,"column":0},"end":{"line":81,"column":20}},"81":{"start":{"line":82,"column":0},"end":{"line":82,"column":3}},"82":{"start":{"line":83,"column":0},"end":{"line":83,"column":0}},"83":{"start":{"line":84,"column":0},"end":{"line":84,"column":14}},"84":{"start":{"line":85,"column":0},"end":{"line":85,"column":26}},"85":{"start":{"line":86,"column":0},"end":{"line":86,"column":3}},"86":{"start":{"line":87,"column":0},"end":{"line":87,"column":0}},"87":{"start":{"line":88,"column":0},"end":{"line":88,"column":9}},"88":{"start":{"line":89,"column":0},"end":{"line":89,"column":25}},"89":{"start":{"line":90,"column":0},"end":{"line":90,"column":40}},"90":{"start":{"line":91,"column":0},"end":{"line":91,"column":5}},"91":{"start":{"line":92,"column":0},"end":{"line":92,"column":28}},"92":{"start":{"line":93,"column":0},"end":{"line":93,"column":3}},"93":{"start":{"line":94,"column":0},"end":{"line":94,"column":0}},"94":{"start":{"line":95,"column":0},"end":{"line":95,"column":10}},"95":{"start":{"line":96,"column":0},"end":{"line":96,"column":25}},"96":{"start":{"line":97,"column":0},"end":{"line":97,"column":40}},"97":{"start":{"line":98,"column":0},"end":{"line":98,"column":5}},"98":{"start":{"line":99,"column":0},"end":{"line":99,"column":45}},"99":{"start":{"line":100,"column":0},"end":{"line":100,"column":3}},"100":{"start":{"line":101,"column":0},"end":{"line":101,"column":0}},"101":{"start":{"line":102,"column":0},"end":{"line":102,"column":13}},"102":{"start":{"line":103,"column":0},"end":{"line":103,"column":35}},"103":{"start":{"line":104,"column":0},"end":{"line":104,"column":3}},"104":{"start":{"line":105,"column":0},"end":{"line":105,"column":0}},"105":{"start":{"line":106,"column":0},"end":{"line":106,"column":10}},"106":{"start":{"line":107,"column":0},"end":{"line":107,"column":29}},"107":{"start":{"line":108,"column":0},"end":{"line":108,"column":3}},"108":{"start":{"line":109,"column":0},"end":{"line":109,"column":0}},"109":{"start":{"line":110,"column":0},"end":{"line":110,"column":11}},"110":{"start":{"line":111,"column":0},"end":{"line":111,"column":20}},"111":{"start":{"line":112,"column":0},"end":{"line":112,"column":3}},"112":{"start":{"line":113,"column":0},"end":{"line":113,"column":1}},"113":{"start":{"line":114,"column":0},"end":{"line":114,"column":0}},"114":{"start":{"line":115,"column":0},"end":{"line":115,"column":23}},"115":{"start":{"line":116,"column":0},"end":{"line":116,"column":40}},"116":{"start":{"line":117,"column":0},"end":{"line":117,"column":20}},"117":{"start":{"line":118,"column":0},"end":{"line":118,"column":12}},"118":{"start":{"line":119,"column":0},"end":{"line":119,"column":21}},"119":{"start":{"line":120,"column":0},"end":{"line":120,"column":66}},"120":{"start":{"line":121,"column":0},"end":{"line":121,"column":6}},"121":{"start":{"line":122,"column":0},"end":{"line":122,"column":0}},"122":{"start":{"line":123,"column":0},"end":{"line":123,"column":25}},"123":{"start":{"line":124,"column":0},"end":{"line":124,"column":12}},"124":{"start":{"line":125,"column":0},"end":{"line":125,"column":21}},"125":{"start":{"line":126,"column":0},"end":{"line":126,"column":68}},"126":{"start":{"line":127,"column":0},"end":{"line":127,"column":6}},"127":{"start":{"line":128,"column":0},"end":{"line":128,"column":0}},"128":{"start":{"line":129,"column":0},"end":{"line":129,"column":74}},"129":{"start":{"line":130,"column":0},"end":{"line":130,"column":1}},"130":{"start":{"line":131,"column":0},"end":{"line":131,"column":0}},"131":{"start":{"line":132,"column":0},"end":{"line":132,"column":44}},"132":{"start":{"line":133,"column":0},"end":{"line":133,"column":60}},"133":{"start":{"line":134,"column":0},"end":{"line":134,"column":28}},"134":{"start":{"line":135,"column":0},"end":{"line":135,"column":17}},"135":{"start":{"line":136,"column":0},"end":{"line":136,"column":3}},"136":{"start":{"line":137,"column":0},"end":{"line":137,"column":0}},"137":{"start":{"line":138,"column":0},"end":{"line":138,"column":65}},"138":{"start":{"line":139,"column":0},"end":{"line":139,"column":32}},"139":{"start":{"line":140,"column":0},"end":{"line":140,"column":17}},"140":{"start":{"line":141,"column":0},"end":{"line":141,"column":3}},"141":{"start":{"line":142,"column":0},"end":{"line":142,"column":0}},"142":{"start":{"line":143,"column":0},"end":{"line":143,"column":65}},"143":{"start":{"line":144,"column":0},"end":{"line":144,"column":32}},"144":{"start":{"line":145,"column":0},"end":{"line":145,"column":17}},"145":{"start":{"line":146,"column":0},"end":{"line":146,"column":3}},"146":{"start":{"line":147,"column":0},"end":{"line":147,"column":0}},"147":{"start":{"line":148,"column":0},"end":{"line":148,"column":63}},"148":{"start":{"line":149,"column":0},"end":{"line":149,"column":29}},"149":{"start":{"line":150,"column":0},"end":{"line":150,"column":17}},"150":{"start":{"line":151,"column":0},"end":{"line":151,"column":3}},"151":{"start":{"line":152,"column":0},"end":{"line":152,"column":0}},"152":{"start":{"line":153,"column":0},"end":{"line":153,"column":58}},"153":{"start":{"line":154,"column":0},"end":{"line":154,"column":14}},"154":{"start":{"line":155,"column":0},"end":{"line":155,"column":1}}},"s":{"0":1,"1":3,"2":3,"3":3,"4":3,"5":3,"6":1,"7":1,"8":6,"9":2,"10":2,"11":4,"12":6,"13":1,"14":1,"15":3,"16":3,"17":6,"18":1,"19":6,"20":1,"21":1,"22":3,"23":3,"24":3,"25":1,"26":1,"27":5,"28":5,"29":5,"30":2,"31":2,"32":5,"33":5,"34":2,"35":2,"36":5,"37":5,"38":5,"39":1,"40":1,"41":1,"42":0,"43":0,"44":1,"45":1,"46":1,"47":0,"48":0,"49":0,"50":0,"51":0,"52":1,"53":1,"54":1,"55":0,"56":0,"57":0,"58":0,"59":0,"60":0,"61":0,"62":0,"63":0,"64":0,"65":0,"66":1,"67":1,"68":1,"69":0,"70":0,"71":0,"72":0,"73":0,"74":0,"75":0,"76":1,"77":1,"78":1,"79":1,"80":0,"81":0,"82":1,"83":1,"84":0,"85":0,"86":1,"87":1,"88":0,"89":0,"90":0,"91":0,"92":0,"93":1,"94":1,"95":0,"96":0,"97":0,"98":0,"99":0,"100":1,"101":1,"102":0,"103":0,"104":1,"105":1,"106":0,"107":0,"108":1,"109":1,"110":0,"111":0,"112":1,"113":1,"114":1,"115":1,"116":0,"117":0,"118":0,"119":0,"120":0,"121":0,"122":0,"123":0,"124":0,"125":0,"126":0,"127":0,"128":0,"129":0,"130":1,"131":1,"132":0,"133":0,"134":0,"135":0,"136":0,"137":0,"138":0,"139":0,"140":0,"141":0,"142":0,"143":0,"144":0,"145":0,"146":0,"147":0,"148":0,"149":0,"150":0,"151":0,"152":0,"153":0,"154":0},"branchMap":{"0":{"type":"branch","line":1,"loc":{"start":{"line":1,"column":7},"end":{"line":6,"column":1}},"locations":[{"start":{"line":1,"column":7},"end":{"line":6,"column":1}}]},"1":{"type":"branch","line":8,"loc":{"start":{"line":8,"column":7},"end":{"line":25,"column":1}},"locations":[{"start":{"line":8,"column":7},"end":{"line":25,"column":1}}]},"2":{"type":"branch","line":9,"loc":{"start":{"line":9,"column":32},"end":{"line":9,"column":45}},"locations":[{"start":{"line":9,"column":32},"end":{"line":9,"column":45}}]},"3":{"type":"branch","line":9,"loc":{"start":{"line":9,"column":47},"end":{"line":11,"column":3}},"locations":[{"start":{"line":9,"column":47},"end":{"line":11,"column":3}}]},"4":{"type":"branch","line":12,"loc":{"start":{"line":12,"column":-1},"end":{"line":13,"column":40}},"locations":[{"start":{"line":12,"column":-1},"end":{"line":13,"column":40}}]},"5":{"type":"branch","line":13,"loc":{"start":{"line":13,"column":40},"end":{"line":15,"column":3}},"locations":[{"start":{"line":13,"column":40},"end":{"line":15,"column":3}}]},"6":{"type":"branch","line":16,"loc":{"start":{"line":16,"column":-1},"end":{"line":18,"column":33}},"locations":[{"start":{"line":16,"column":-1},"end":{"line":18,"column":33}}]},"7":{"type":"branch","line":18,"loc":{"start":{"line":18,"column":33},"end":{"line":20,"column":3}},"locations":[{"start":{"line":18,"column":33},"end":{"line":20,"column":3}}]},"8":{"type":"branch","line":20,"loc":{"start":{"line":20,"column":3},"end":{"line":22,"column":3}},"locations":[{"start":{"line":20,"column":3},"end":{"line":22,"column":3}}]},"9":{"type":"branch","line":20,"loc":{"start":{"line":20,"column":40},"end":{"line":22,"column":3}},"locations":[{"start":{"line":20,"column":40},"end":{"line":22,"column":3}}]},"10":{"type":"branch","line":23,"loc":{"start":{"line":23,"column":-1},"end":{"line":25,"column":1}},"locations":[{"start":{"line":23,"column":-1},"end":{"line":25,"column":1}}]},"11":{"type":"branch","line":27,"loc":{"start":{"line":27,"column":7},"end":{"line":39,"column":1}},"locations":[{"start":{"line":27,"column":7},"end":{"line":39,"column":1}}]},"12":{"type":"branch","line":30,"loc":{"start":{"line":30,"column":35},"end":{"line":30,"column":57}},"locations":[{"start":{"line":30,"column":35},"end":{"line":30,"column":57}}]},"13":{"type":"branch","line":30,"loc":{"start":{"line":30,"column":59},"end":{"line":32,"column":3}},"locations":[{"start":{"line":30,"column":59},"end":{"line":32,"column":3}}]},"14":{"type":"branch","line":34,"loc":{"start":{"line":34,"column":30},"end":{"line":34,"column":41}},"locations":[{"start":{"line":34,"column":30},"end":{"line":34,"column":41}}]},"15":{"type":"branch","line":34,"loc":{"start":{"line":34,"column":43},"end":{"line":36,"column":3}},"locations":[{"start":{"line":34,"column":43},"end":{"line":36,"column":3}}]},"16":{"type":"branch","line":38,"loc":{"start":{"line":38,"column":29},"end":{"line":38,"column":54}},"locations":[{"start":{"line":38,"column":29},"end":{"line":38,"column":54}}]},"17":{"type":"branch","line":38,"loc":{"start":{"line":38,"column":55},"end":{"line":38,"column":74}},"locations":[{"start":{"line":38,"column":55},"end":{"line":38,"column":74}}]}},"b":{"0":[3],"1":[6],"2":[5],"3":[2],"4":[4],"5":[1],"6":[3],"7":[1],"8":[2],"9":[1],"10":[3],"11":[5],"12":[4],"13":[2],"14":[4],"15":[2],"16":[1],"17":[4]},"fnMap":{"0":{"name":"getCoupons","decl":{"start":{"line":1,"column":7},"end":{"line":6,"column":1}},"loc":{"start":{"line":1,"column":7},"end":{"line":6,"column":1}},"line":1},"1":{"name":"calculateDiscount","decl":{"start":{"line":8,"column":7},"end":{"line":25,"column":1}},"loc":{"start":{"line":8,"column":7},"end":{"line":25,"column":1}},"line":8},"2":{"name":"validateUserInput","decl":{"start":{"line":27,"column":7},"end":{"line":39,"column":1}},"loc":{"start":{"line":27,"column":7},"end":{"line":39,"column":1}},"line":27},"3":{"name":"isPriceInRange","decl":{"start":{"line":42,"column":7},"end":{"line":44,"column":1}},"loc":{"start":{"line":42,"column":7},"end":{"line":44,"column":1}},"line":42},"4":{"name":"isValidUsername","decl":{"start":{"line":47,"column":7},"end":{"line":52,"column":1}},"loc":{"start":{"line":47,"column":7},"end":{"line":52,"column":1}},"line":47},"5":{"name":"canDrive","decl":{"start":{"line":55,"column":7},"end":{"line":66,"column":1}},"loc":{"start":{"line":55,"column":7},"end":{"line":66,"column":1}},"line":55},"6":{"name":"fetchData","decl":{"start":{"line":69,"column":7},"end":{"line":76,"column":1}},"loc":{"start":{"line":69,"column":7},"end":{"line":76,"column":1}},"line":69},"7":{"name":"Stack","decl":{"start":{"line":80,"column":2},"end":{"line":82,"column":3}},"loc":{"start":{"line":80,"column":2},"end":{"line":82,"column":3}},"line":80},"8":{"name":"push","decl":{"start":{"line":84,"column":2},"end":{"line":86,"column":3}},"loc":{"start":{"line":84,"column":2},"end":{"line":86,"column":3}},"line":84},"9":{"name":"pop","decl":{"start":{"line":88,"column":2},"end":{"line":93,"column":3}},"loc":{"start":{"line":88,"column":2},"end":{"line":93,"column":3}},"line":88},"10":{"name":"peek","decl":{"start":{"line":95,"column":2},"end":{"line":100,"column":3}},"loc":{"start":{"line":95,"column":2},"end":{"line":100,"column":3}},"line":95},"11":{"name":"isEmpty","decl":{"start":{"line":102,"column":2},"end":{"line":104,"column":3}},"loc":{"start":{"line":102,"column":2},"end":{"line":104,"column":3}},"line":102},"12":{"name":"size","decl":{"start":{"line":106,"column":2},"end":{"line":108,"column":3}},"loc":{"start":{"line":106,"column":2},"end":{"line":108,"column":3}},"line":106},"13":{"name":"clear","decl":{"start":{"line":110,"column":2},"end":{"line":112,"column":3}},"loc":{"start":{"line":110,"column":2},"end":{"line":112,"column":3}},"line":110},"14":{"name":"createProduct","decl":{"start":{"line":116,"column":7},"end":{"line":130,"column":1}},"loc":{"start":{"line":116,"column":7},"end":{"line":130,"column":1}},"line":116},"15":{"name":"isStrongPassword","decl":{"start":{"line":132,"column":7},"end":{"line":155,"column":1}},"loc":{"start":{"line":132,"column":7},"end":{"line":155,"column":1}},"line":132}},"f":{"0":3,"1":6,"2":5,"3":0,"4":0,"5":0,"6":0,"7":0,"8":0,"9":0,"10":0,"11":0,"12":0,"13":0,"14":0,"15":0}}
,"/Users/itay/Development/GitHub/javascript-testing-starter/src/intro.js": {"path":"/Users/itay/Development/GitHub/javascript-testing-starter/src/intro.js","all":false,"statementMap":{"0":{"start":{"line":1,"column":0},"end":{"line":1,"column":27}},"1":{"start":{"line":2,"column":0},"end":{"line":2,"column":23}},"2":{"start":{"line":3,"column":0},"end":{"line":3,"column":1}},"3":{"start":{"line":4,"column":0},"end":{"line":4,"column":0}},"4":{"start":{"line":5,"column":0},"end":{"line":5,"column":29}},"5":{"start":{"line":6,"column":0},"end":{"line":6,"column":52}},"6":{"start":{"line":7,"column":0},"end":{"line":7,"column":33}},"7":{"start":{"line":8,"column":0},"end":{"line":8,"column":33}},"8":{"start":{"line":9,"column":0},"end":{"line":9,"column":0}},"9":{"start":{"line":10,"column":0},"end":{"line":10,"column":22}},"10":{"start":{"line":11,"column":0},"end":{"line":11,"column":1}},"11":{"start":{"line":12,"column":0},"end":{"line":12,"column":0}},"12":{"start":{"line":13,"column":0},"end":{"line":13,"column":39}},"13":{"start":{"line":14,"column":0},"end":{"line":14,"column":39}},"14":{"start":{"line":15,"column":0},"end":{"line":15,"column":0}},"15":{"start":{"line":16,"column":0},"end":{"line":16,"column":10}},"16":{"start":{"line":17,"column":0},"end":{"line":17,"column":69}},"17":{"start":{"line":18,"column":0},"end":{"line":18,"column":18}},"18":{"start":{"line":19,"column":0},"end":{"line":19,"column":4}},"19":{"start":{"line":20,"column":0},"end":{"line":20,"column":1}},"20":{"start":{"line":21,"column":0},"end":{"line":21,"column":0}},"21":{"start":{"line":22,"column":0},"end":{"line":22,"column":30}},"22":{"start":{"line":23,"column":0},"end":{"line":23,"column":30}},"23":{"start":{"line":24,"column":0},"end":{"line":24,"column":35}},"24":{"start":{"line":25,"column":0},"end":{"line":25,"column":0}},"25":{"start":{"line":26,"column":0},"end":{"line":26,"column":30}},"26":{"start":{"line":27,"column":0},"end":{"line":27,"column":1}}},"s":{"0":1,"1":3,"2":3,"3":1,"4":1,"5":4,"6":4,"7":4,"8":1,"9":1,"10":1,"11":1,"12":1,"13":4,"14":3,"15":3,"16":3,"17":3,"18":3,"19":3,"20":1,"21":1,"22":12,"23":12,"24":6,"25":6,"26":6},"branchMap":{"0":{"type":"branch","line":1,"loc":{"start":{"line":1,"column":7},"end":{"line":3,"column":1}},"locations":[{"start":{"line":1,"column":7},"end":{"line":3,"column":1}}]},"1":{"type":"branch","line":2,"loc":{"start":{"line":2,"column":15},"end":{"line":2,"column":18}},"locations":[{"start":{"line":2,"column":15},"end":{"line":2,"column":18}}]},"2":{"type":"branch","line":2,"loc":{"start":{"line":2,"column":19},"end":{"line":2,"column":22}},"locations":[{"start":{"line":2,"column":19},"end":{"line":2,"column":22}}]},"3":{"type":"branch","line":5,"loc":{"start":{"line":5,"column":7},"end":{"line":11,"column":1}},"locations":[{"start":{"line":5,"column":7},"end":{"line":11,"column":1}}]},"4":{"type":"branch","line":6,"loc":{"start":{"line":6,"column":18},"end":{"line":6,"column":32}},"locations":[{"start":{"line":6,"column":18},"end":{"line":6,"column":32}}]},"5":{"type":"branch","line":6,"loc":{"start":{"line":6,"column":34},"end":{"line":6,"column":52}},"locations":[{"start":{"line":6,"column":34},"end":{"line":6,"column":52}}]},"6":{"type":"branch","line":7,"loc":{"start":{"line":7,"column":-1},"end":{"line":7,"column":19}},"locations":[{"start":{"line":7,"column":-1},"end":{"line":7,"column":19}}]},"7":{"type":"branch","line":7,"loc":{"start":{"line":7,"column":19},"end":{"line":7,"column":33}},"locations":[{"start":{"line":7,"column":19},"end":{"line":7,"column":33}}]},"8":{"type":"branch","line":8,"loc":{"start":{"line":8,"column":-1},"end":{"line":8,"column":19}},"locations":[{"start":{"line":8,"column":-1},"end":{"line":8,"column":19}}]},"9":{"type":"branch","line":8,"loc":{"start":{"line":8,"column":19},"end":{"line":11,"column":1}},"locations":[{"start":{"line":8,"column":19},"end":{"line":11,"column":1}}]},"10":{"type":"branch","line":13,"loc":{"start":{"line":13,"column":7},"end":{"line":20,"column":1}},"locations":[{"start":{"line":13,"column":7},"end":{"line":20,"column":1}}]},"11":{"type":"branch","line":14,"loc":{"start":{"line":14,"column":28},"end":{"line":14,"column":39}},"locations":[{"start":{"line":14,"column":28},"end":{"line":14,"column":39}}]},"12":{"type":"branch","line":15,"loc":{"start":{"line":15,"column":-1},"end":{"line":20,"column":1}},"locations":[{"start":{"line":15,"column":-1},"end":{"line":20,"column":1}}]},"13":{"type":"branch","line":17,"loc":{"start":{"line":17,"column":19},"end":{"line":17,"column":63}},"locations":[{"start":{"line":17,"column":19},"end":{"line":17,"column":63}}]},"14":{"type":"branch","line":22,"loc":{"start":{"line":22,"column":7},"end":{"line":27,"column":1}},"locations":[{"start":{"line":22,"column":7},"end":{"line":27,"column":1}}]},"15":{"type":"branch","line":23,"loc":{"start":{"line":23,"column":13},"end":{"line":23,"column":30}},"locations":[{"start":{"line":23,"column":13},"end":{"line":23,"column":30}}]},"16":{"type":"branch","line":24,"loc":{"start":{"line":24,"column":-1},"end":{"line":24,"column":14}},"locations":[{"start":{"line":24,"column":-1},"end":{"line":24,"column":14}}]},"17":{"type":"branch","line":24,"loc":{"start":{"line":24,"column":14},"end":{"line":24,"column":24}},"locations":[{"start":{"line":24,"column":14},"end":{"line":24,"column":24}}]},"18":{"type":"branch","line":24,"loc":{"start":{"line":24,"column":26},"end":{"line":24,"column":35}},"locations":[{"start":{"line":24,"column":26},"end":{"line":24,"column":35}}]},"19":{"type":"branch","line":25,"loc":{"start":{"line":25,"column":-1},"end":{"line":27,"column":1}},"locations":[{"start":{"line":25,"column":-1},"end":{"line":27,"column":1}}]}},"b":{"0":[3],"1":[1],"2":[2],"3":[4],"4":[2],"5":[1],"6":[3],"7":[1],"8":[2],"9":[1],"10":[4],"11":[1],"12":[3],"13":[6],"14":[12],"15":[1],"16":[11],"17":[10],"18":[5],"19":[6]},"fnMap":{"0":{"name":"max","decl":{"start":{"line":1,"column":7},"end":{"line":3,"column":1}},"loc":{"start":{"line":1,"column":7},"end":{"line":3,"column":1}},"line":1},"1":{"name":"fizzBuzz","decl":{"start":{"line":5,"column":7},"end":{"line":11,"column":1}},"loc":{"start":{"line":5,"column":7},"end":{"line":11,"column":1}},"line":5},"2":{"name":"calculateAvg","decl":{"start":{"line":13,"column":7},"end":{"line":20,"column":1}},"loc":{"start":{"line":13,"column":7},"end":{"line":20,"column":1}},"line":13},"3":{"name":"factorial","decl":{"start":{"line":22,"column":7},"end":{"line":27,"column":1}},"loc":{"start":{"line":22,"column":7},"end":{"line":27,"column":1}},"line":22}},"f":{"0":3,"1":4,"2":4,"3":12}}
,"/Users/itay/Development/GitHub/javascript-testing-starter/src/mocking.js": {"path":"/Users/itay/Development/GitHub/javascript-testing-starter/src/mocking.js","all":true,"statementMap":{"0":{"start":{"line":1,"column":0},"end":{"line":1,"column":49}},"1":{"start":{"line":2,"column":0},"end":{"line":2,"column":50}},"2":{"start":{"line":3,"column":0},"end":{"line":3,"column":55}},"3":{"start":{"line":4,"column":0},"end":{"line":4,"column":40}},"4":{"start":{"line":5,"column":0},"end":{"line":5,"column":39}},"5":{"start":{"line":6,"column":0},"end":{"line":6,"column":51}},"6":{"start":{"line":7,"column":0},"end":{"line":7,"column":0}},"7":{"start":{"line":8,"column":0},"end":{"line":8,"column":26}},"8":{"start":{"line":9,"column":0},"end":{"line":9,"column":53}},"9":{"start":{"line":10,"column":0},"end":{"line":10,"column":48}},"10":{"start":{"line":11,"column":0},"end":{"line":11,"column":22}},"11":{"start":{"line":12,"column":0},"end":{"line":12,"column":1}},"12":{"start":{"line":13,"column":0},"end":{"line":13,"column":0}},"13":{"start":{"line":14,"column":0},"end":{"line":14,"column":11}},"14":{"start":{"line":15,"column":0},"end":{"line":15,"column":46}},"15":{"start":{"line":16,"column":0},"end":{"line":16,"column":46}},"16":{"start":{"line":17,"column":0},"end":{"line":17,"column":44}},"17":{"start":{"line":18,"column":0},"end":{"line":18,"column":71}},"18":{"start":{"line":19,"column":0},"end":{"line":19,"column":1}},"19":{"start":{"line":20,"column":0},"end":{"line":20,"column":0}},"20":{"start":{"line":21,"column":0},"end":{"line":21,"column":30}},"21":{"start":{"line":22,"column":0},"end":{"line":22,"column":36}},"22":{"start":{"line":23,"column":0},"end":{"line":23,"column":25}},"23":{"start":{"line":24,"column":0},"end":{"line":24,"column":0}},"24":{"start":{"line":25,"column":0},"end":{"line":25,"column":30}},"25":{"start":{"line":26,"column":0},"end":{"line":26,"column":1}},"26":{"start":{"line":27,"column":0},"end":{"line":27,"column":0}},"27":{"start":{"line":28,"column":0},"end":{"line":28,"column":11}},"28":{"start":{"line":29,"column":0},"end":{"line":29,"column":54}},"29":{"start":{"line":30,"column":0},"end":{"line":30,"column":68}},"30":{"start":{"line":31,"column":0},"end":{"line":31,"column":0}},"31":{"start":{"line":32,"column":0},"end":{"line":32,"column":40}},"32":{"start":{"line":33,"column":0},"end":{"line":33,"column":54}},"33":{"start":{"line":34,"column":0},"end":{"line":34,"column":0}},"34":{"start":{"line":35,"column":0},"end":{"line":35,"column":27}},"35":{"start":{"line":36,"column":0},"end":{"line":36,"column":1}},"36":{"start":{"line":37,"column":0},"end":{"line":37,"column":0}},"37":{"start":{"line":38,"column":0},"end":{"line":38,"column":26}},"38":{"start":{"line":39,"column":0},"end":{"line":39,"column":37}},"39":{"start":{"line":40,"column":0},"end":{"line":40,"column":41}},"40":{"start":{"line":41,"column":0},"end":{"line":41,"column":0}},"41":{"start":{"line":42,"column":0},"end":{"line":42,"column":44}},"42":{"start":{"line":43,"column":0},"end":{"line":43,"column":0}},"43":{"start":{"line":44,"column":0},"end":{"line":44,"column":14}},"44":{"start":{"line":45,"column":0},"end":{"line":45,"column":1}},"45":{"start":{"line":46,"column":0},"end":{"line":46,"column":0}},"46":{"start":{"line":47,"column":0},"end":{"line":47,"column":30}},"47":{"start":{"line":48,"column":0},"end":{"line":48,"column":36}},"48":{"start":{"line":49,"column":0},"end":{"line":49,"column":39}},"49":{"start":{"line":50,"column":0},"end":{"line":50,"column":0}},"50":{"start":{"line":51,"column":0},"end":{"line":51,"column":42}},"51":{"start":{"line":52,"column":0},"end":{"line":52,"column":1}},"52":{"start":{"line":53,"column":0},"end":{"line":53,"column":0}},"53":{"start":{"line":54,"column":0},"end":{"line":54,"column":24}},"54":{"start":{"line":55,"column":0},"end":{"line":55,"column":28}},"55":{"start":{"line":56,"column":0},"end":{"line":56,"column":33}},"56":{"start":{"line":57,"column":0},"end":{"line":57,"column":39}},"57":{"start":{"line":58,"column":0},"end":{"line":58,"column":44}},"58":{"start":{"line":59,"column":0},"end":{"line":59,"column":0}},"59":{"start":{"line":60,"column":0},"end":{"line":60,"column":53}},"60":{"start":{"line":61,"column":0},"end":{"line":61,"column":1}},"61":{"start":{"line":62,"column":0},"end":{"line":62,"column":0}},"62":{"start":{"line":63,"column":0},"end":{"line":63,"column":11}},"63":{"start":{"line":64,"column":0},"end":{"line":64,"column":31}},"64":{"start":{"line":65,"column":0},"end":{"line":65,"column":27}},"65":{"start":{"line":66,"column":0},"end":{"line":66,"column":75}},"66":{"start":{"line":67,"column":0},"end":{"line":67,"column":34}},"67":{"start":{"line":68,"column":0},"end":{"line":68,"column":1}}},"s":{"0":0,"1":0,"2":0,"3":0,"4":0,"5":0,"6":0,"7":0,"8":0,"9":0,"10":0,"11":0,"12":0,"13":0,"14":0,"15":0,"16":0,"17":0,"18":0,"19":0,"20":0,"21":0,"22":0,"23":0,"24":0,"25":0,"26":0,"27":0,"28":0,"29":0,"30":0,"31":0,"32":0,"33":0,"34":0,"35":0,"36":0,"37":0,"38":0,"39":0,"40":0,"41":0,"42":0,"43":0,"44":0,"45":0,"46":0,"47":0,"48":0,"49":0,"50":0,"51":0,"52":0,"53":0,"54":0,"55":0,"56":0,"57":0,"58":0,"59":0,"60":0,"61":0,"62":0,"63":0,"64":0,"65":0,"66":0,"67":0},"branchMap":{"0":{"type":"branch","line":1,"loc":{"start":{"line":1,"column":0},"end":{"line":68,"column":-892}},"locations":[{"start":{"line":1,"column":0},"end":{"line":68,"column":-892}}]}},"b":{"0":[0]},"fnMap":{"0":{"name":"(empty-report)","decl":{"start":{"line":1,"column":0},"end":{"line":68,"column":-892}},"loc":{"start":{"line":1,"column":0},"end":{"line":68,"column":-892}},"line":1}},"f":{"0":0}}
,"/Users/itay/Development/GitHub/javascript-testing-starter/src/libs/analytics.js": {"path":"/Users/itay/Development/GitHub/javascript-testing-starter/src/libs/analytics.js","all":true,"statementMap":{"0":{"start":{"line":1,"column":0},"end":{"line":1,"column":26}},"1":{"start":{"line":2,"column":0},"end":{"line":2,"column":0}},"2":{"start":{"line":3,"column":0},"end":{"line":3,"column":47}},"3":{"start":{"line":4,"column":0},"end":{"line":4,"column":38}},"4":{"start":{"line":5,"column":0},"end":{"line":5,"column":35}},"5":{"start":{"line":6,"column":0},"end":{"line":6,"column":20}},"6":{"start":{"line":7,"column":0},"end":{"line":7,"column":1}}},"s":{"0":0,"1":0,"2":0,"3":0,"4":0,"5":0,"6":0},"branchMap":{"0":{"type":"branch","line":1,"loc":{"start":{"line":1,"column":0},"end":{"line":7,"column":-62}},"locations":[{"start":{"line":1,"column":0},"end":{"line":7,"column":-62}}]}},"b":{"0":[0]},"fnMap":{"0":{"name":"(empty-report)","decl":{"start":{"line":1,"column":0},"end":{"line":7,"column":-62}},"loc":{"start":{"line":1,"column":0},"end":{"line":7,"column":-62}},"line":1}},"f":{"0":0}}
,"/Users/itay/Development/GitHub/javascript-testing-starter/src/libs/currency.js": {"path":"/Users/itay/Development/GitHub/javascript-testing-starter/src/libs/currency.js","all":true,"statementMap":{"0":{"start":{"line":1,"column":0},"end":{"line":1,"column":46}},"1":{"start":{"line":2,"column":0},"end":{"line":2,"column":60}},"2":{"start":{"line":3,"column":0},"end":{"line":3,"column":23}},"3":{"start":{"line":4,"column":0},"end":{"line":4,"column":2}}},"s":{"0":0,"1":0,"2":0,"3":0},"branchMap":{"0":{"type":"branch","line":1,"loc":{"start":{"line":1,"column":134},"end":{"line":4,"column":2}},"locations":[{"start":{"line":1,"column":134},"end":{"line":4,"column":2}}]}},"b":{"0":[0]},"fnMap":{"0":{"name":"(empty-report)","decl":{"start":{"line":1,"column":134},"end":{"line":4,"column":2}},"loc":{"start":{"line":1,"column":134},"end":{"line":4,"column":2}},"line":1}},"f":{"0":0}}
,"/Users/itay/Development/GitHub/javascript-testing-starter/src/libs/email.js": {"path":"/Users/itay/Development/GitHub/javascript-testing-starter/src/libs/email.js","all":true,"statementMap":{"0":{"start":{"line":1,"column":0},"end":{"line":1,"column":26}},"1":{"start":{"line":2,"column":0},"end":{"line":2,"column":0}},"2":{"start":{"line":3,"column":0},"end":{"line":3,"column":37}},"3":{"start":{"line":4,"column":0},"end":{"line":4,"column":74}},"4":{"start":{"line":5,"column":0},"end":{"line":5,"column":0}},"5":{"start":{"line":6,"column":0},"end":{"line":6,"column":34}},"6":{"start":{"line":7,"column":0},"end":{"line":7,"column":1}},"7":{"start":{"line":8,"column":0},"end":{"line":8,"column":0}},"8":{"start":{"line":9,"column":0},"end":{"line":9,"column":46}},"9":{"start":{"line":10,"column":0},"end":{"line":10,"column":43}},"10":{"start":{"line":11,"column":0},"end":{"line":11,"column":37}},"11":{"start":{"line":12,"column":0},"end":{"line":12,"column":20}},"12":{"start":{"line":13,"column":0},"end":{"line":13,"column":1}}},"s":{"0":0,"1":0,"2":0,"3":0,"4":0,"5":0,"6":0,"7":0,"8":0,"9":0,"10":0,"11":0,"12":0},"branchMap":{"0":{"type":"branch","line":1,"loc":{"start":{"line":1,"column":331},"end":{"line":13,"column":1}},"locations":[{"start":{"line":1,"column":331},"end":{"line":13,"column":1}}]}},"b":{"0":[0]},"fnMap":{"0":{"name":"(empty-report)","decl":{"start":{"line":1,"column":331},"end":{"line":13,"column":1}},"loc":{"start":{"line":1,"column":331},"end":{"line":13,"column":1}},"line":1}},"f":{"0":0}}
,"/Users/itay/Development/GitHub/javascript-testing-starter/src/libs/payment.js": {"path":"/Users/itay/Development/GitHub/javascript-testing-starter/src/libs/payment.js","all":true,"statementMap":{"0":{"start":{"line":1,"column":0},"end":{"line":1,"column":26}},"1":{"start":{"line":2,"column":0},"end":{"line":2,"column":0}},"2":{"start":{"line":3,"column":0},"end":{"line":3,"column":54}},"3":{"start":{"line":4,"column":0},"end":{"line":4,"column":74}},"4":{"start":{"line":5,"column":0},"end":{"line":5,"column":35}},"5":{"start":{"line":6,"column":0},"end":{"line":6,"column":20}},"6":{"start":{"line":7,"column":0},"end":{"line":7,"column":31}},"7":{"start":{"line":8,"column":0},"end":{"line":8,"column":1}}},"s":{"0":0,"1":0,"2":0,"3":0,"4":0,"5":0,"6":0,"7":0},"branchMap":{"0":{"type":"branch","line":1,"loc":{"start":{"line":1,"column":0},"end":{"line":8,"column":-58}},"locations":[{"start":{"line":1,"column":0},"end":{"line":8,"column":-58}}]}},"b":{"0":[0]},"fnMap":{"0":{"name":"(empty-report)","decl":{"start":{"line":1,"column":0},"end":{"line":8,"column":-58}},"loc":{"start":{"line":1,"column":0},"end":{"line":8,"column":-58}},"line":1}},"f":{"0":0}}
,"/Users/itay/Development/GitHub/javascript-testing-starter/src/libs/security.js": {"path":"/Users/itay/Development/GitHub/javascript-testing-starter/src/libs/security.js","all":true,"statementMap":{"0":{"start":{"line":1,"column":0},"end":{"line":1,"column":32}},"1":{"start":{"line":2,"column":0},"end":{"line":2,"column":68}},"2":{"start":{"line":3,"column":0},"end":{"line":3,"column":1}},"3":{"start":{"line":4,"column":0},"end":{"line":4,"column":0}},"4":{"start":{"line":5,"column":0},"end":{"line":5,"column":16}},"5":{"start":{"line":6,"column":0},"end":{"line":6,"column":15}},"6":{"start":{"line":7,"column":0},"end":{"line":7,"column":2}}},"s":{"0":0,"1":0,"2":0,"3":0,"4":0,"5":0,"6":0},"branchMap":{"0":{"type":"branch","line":1,"loc":{"start":{"line":1,"column":140},"end":{"line":7,"column":2}},"locations":[{"start":{"line":1,"column":140},"end":{"line":7,"column":2}}]}},"b":{"0":[0]},"fnMap":{"0":{"name":"(empty-report)","decl":{"start":{"line":1,"column":140},"end":{"line":7,"column":2}},"loc":{"start":{"line":1,"column":140},"end":{"line":7,"column":2}},"line":1}},"f":{"0":0}}
,"/Users/itay/Development/GitHub/javascript-testing-starter/src/libs/shipping.js": {"path":"/Users/itay/Development/GitHub/javascript-testing-starter/src/libs/shipping.js","all":true,"statementMap":{"0":{"start":{"line":1,"column":0},"end":{"line":1,"column":47}},"1":{"start":{"line":2,"column":0},"end":{"line":2,"column":64}},"2":{"start":{"line":3,"column":0},"end":{"line":3,"column":56}},"3":{"start":{"line":4,"column":0},"end":{"line":4,"column":1}}},"s":{"0":0,"1":0,"2":0,"3":0},"branchMap":{"0":{"type":"branch","line":1,"loc":{"start":{"line":1,"column":171},"end":{"line":4,"column":1}},"locations":[{"start":{"line":1,"column":171},"end":{"line":4,"column":1}}]}},"b":{"0":[0]},"fnMap":{"0":{"name":"(empty-report)","decl":{"start":{"line":1,"column":171},"end":{"line":4,"column":1}},"loc":{"start":{"line":1,"column":171},"end":{"line":4,"column":1}},"line":1}},"f":{"0":0}}
}
